<?xml version="1.0" encoding="UTF-8"?>
<!-- Generated by org.testng.reporters.JUnitReportReporter -->
<testsuite hostname="DESKTOP-3R1IRNC" failures="0" tests="1" name="com.ots.testCases.TestFreeLanceAppplication" time="10.518" errors="0" timestamp="2024-02-14T16:12:39 IST" skipped="0">
  <testcase classname="com.ots.testCases.TestFreeLanceAppplication" name="verifyNewUser" time="10.518"/>
</testsuite> <!-- com.ots.testCases.TestFreeLanceAppplication -->
